2017-04-27 14:45:42,359 ERROR [main] o.s.boot.SpringApplication [SpringApplication.java : 815] Application startup failed
org.yaml.snakeyaml.parser.ParserException: while parsing MappingNode
 in 'reader', line 3, column 7:
          readSize: 1
          ^
Duplicate key: name
 in 'reader', line 26, column 5:
        thymeleaf:
        ^

	at org.springframework.beans.factory.config.YamlProcessor$StrictMapAppenderConstructor.constructMapping(YamlProcessor.java:411)
	at org.yaml.snakeyaml.constructor.SafeConstructor$ConstructYamlMap.construct(SafeConstructor.java:489)
	at org.yaml.snakeyaml.constructor.BaseConstructor.constructObject(BaseConstructor.java:182)
	at org.yaml.snakeyaml.constructor.BaseConstructor.constructMapping2ndStep(BaseConstructor.java:373)
	at org.yaml.snakeyaml.constructor.SafeConstructor.constructMapping2ndStep(SafeConstructor.java:147)
	at org.yaml.snakeyaml.constructor.BaseConstructor.constructMapping(BaseConstructor.java:354)
	at org.springframework.beans.factory.config.YamlProcessor$StrictMapAppenderConstructor.constructMapping(YamlProcessor.java:407)
	at org.yaml.snakeyaml.constructor.SafeConstructor$ConstructYamlMap.construct(SafeConstructor.java:489)
	at org.yaml.snakeyaml.constructor.BaseConstructor.constructObject(BaseConstructor.java:182)
	at org.yaml.snakeyaml.constructor.BaseConstructor.constructMapping2ndStep(BaseConstructor.java:373)
	at org.yaml.snakeyaml.constructor.SafeConstructor.constructMapping2ndStep(SafeConstructor.java:147)
	at org.yaml.snakeyaml.constructor.BaseConstructor.constructMapping(BaseConstructor.java:354)
	at org.springframework.beans.factory.config.YamlProcessor$StrictMapAppenderConstructor.constructMapping(YamlProcessor.java:407)
	at org.yaml.snakeyaml.constructor.SafeConstructor$ConstructYamlMap.construct(SafeConstructor.java:489)
	at org.yaml.snakeyaml.constructor.BaseConstructor.constructObject(BaseConstructor.java:182)
	at org.yaml.snakeyaml.constructor.BaseConstructor.constructDocument(BaseConstructor.java:141)
	at org.yaml.snakeyaml.constructor.BaseConstructor.getData(BaseConstructor.java:108)
	at org.yaml.snakeyaml.Yaml$1.next(Yaml.java:471)
	at org.springframework.beans.factory.config.YamlProcessor.process(YamlProcessor.java:160)
	at org.springframework.beans.factory.config.YamlProcessor.process(YamlProcessor.java:138)
	at org.springframework.boot.env.YamlPropertySourceLoader$Processor.process(YamlPropertySourceLoader.java:101)
	at org.springframework.boot.env.YamlPropertySourceLoader.load(YamlPropertySourceLoader.java:58)
	at org.springframework.boot.env.PropertySourcesLoader.load(PropertySourcesLoader.java:127)
	at org.springframework.boot.context.config.ConfigFileApplicationListener$Loader.loadIntoGroup(ConfigFileApplicationListener.java:473)
	at org.springframework.boot.context.config.ConfigFileApplicationListener$Loader.load(ConfigFileApplicationListener.java:445)
	at org.springframework.boot.context.config.ConfigFileApplicationListener$Loader.load(ConfigFileApplicationListener.java:380)
	at org.springframework.boot.context.config.ConfigFileApplicationListener.addPropertySources(ConfigFileApplicationListener.java:215)
	at org.springframework.boot.context.config.ConfigFileApplicationListener.postProcessEnvironment(ConfigFileApplicationListener.java:184)
	at org.springframework.boot.context.config.ConfigFileApplicationListener.onApplicationEnvironmentPreparedEvent(ConfigFileApplicationListener.java:171)
	at org.springframework.boot.context.config.ConfigFileApplicationListener.onApplicationEvent(ConfigFileApplicationListener.java:157)
	at org.springframework.context.event.SimpleApplicationEventMulticaster.invokeListener(SimpleApplicationEventMulticaster.java:167)
	at org.springframework.context.event.SimpleApplicationEventMulticaster.multicastEvent(SimpleApplicationEventMulticaster.java:139)
	at org.springframework.context.event.SimpleApplicationEventMulticaster.multicastEvent(SimpleApplicationEventMulticaster.java:122)
	at org.springframework.boot.context.event.EventPublishingRunListener.environmentPrepared(EventPublishingRunListener.java:73)
	at org.springframework.boot.SpringApplicationRunListeners.environmentPrepared(SpringApplicationRunListeners.java:54)
	at org.springframework.boot.SpringApplication.prepareEnvironment(SpringApplication.java:336)
	at org.springframework.boot.SpringApplication.run(SpringApplication.java:307)
	at com.aisino.Application.main(Application.java:26)
2017-04-27 14:47:34,543 ERROR [main] o.s.boot.SpringApplication [SpringApplication.java : 815] Application startup failed
org.yaml.snakeyaml.parser.ParserException: while parsing MappingNode
 in 'reader', line 3, column 7:
          readSize: 1
          ^
Duplicate key: name
 in 'reader', line 26, column 5:
        thymeleaf:
        ^

	at org.springframework.beans.factory.config.YamlProcessor$StrictMapAppenderConstructor.constructMapping(YamlProcessor.java:411)
	at org.yaml.snakeyaml.constructor.SafeConstructor$ConstructYamlMap.construct(SafeConstructor.java:489)
	at org.yaml.snakeyaml.constructor.BaseConstructor.constructObject(BaseConstructor.java:182)
	at org.yaml.snakeyaml.constructor.BaseConstructor.constructMapping2ndStep(BaseConstructor.java:373)
	at org.yaml.snakeyaml.constructor.SafeConstructor.constructMapping2ndStep(SafeConstructor.java:147)
	at org.yaml.snakeyaml.constructor.BaseConstructor.constructMapping(BaseConstructor.java:354)
	at org.springframework.beans.factory.config.YamlProcessor$StrictMapAppenderConstructor.constructMapping(YamlProcessor.java:407)
	at org.yaml.snakeyaml.constructor.SafeConstructor$ConstructYamlMap.construct(SafeConstructor.java:489)
	at org.yaml.snakeyaml.constructor.BaseConstructor.constructObject(BaseConstructor.java:182)
	at org.yaml.snakeyaml.constructor.BaseConstructor.constructMapping2ndStep(BaseConstructor.java:373)
	at org.yaml.snakeyaml.constructor.SafeConstructor.constructMapping2ndStep(SafeConstructor.java:147)
	at org.yaml.snakeyaml.constructor.BaseConstructor.constructMapping(BaseConstructor.java:354)
	at org.springframework.beans.factory.config.YamlProcessor$StrictMapAppenderConstructor.constructMapping(YamlProcessor.java:407)
	at org.yaml.snakeyaml.constructor.SafeConstructor$ConstructYamlMap.construct(SafeConstructor.java:489)
	at org.yaml.snakeyaml.constructor.BaseConstructor.constructObject(BaseConstructor.java:182)
	at org.yaml.snakeyaml.constructor.BaseConstructor.constructDocument(BaseConstructor.java:141)
	at org.yaml.snakeyaml.constructor.BaseConstructor.getData(BaseConstructor.java:108)
	at org.yaml.snakeyaml.Yaml$1.next(Yaml.java:471)
	at org.springframework.beans.factory.config.YamlProcessor.process(YamlProcessor.java:160)
	at org.springframework.beans.factory.config.YamlProcessor.process(YamlProcessor.java:138)
	at org.springframework.boot.env.YamlPropertySourceLoader$Processor.process(YamlPropertySourceLoader.java:101)
	at org.springframework.boot.env.YamlPropertySourceLoader.load(YamlPropertySourceLoader.java:58)
	at org.springframework.boot.env.PropertySourcesLoader.load(PropertySourcesLoader.java:127)
	at org.springframework.boot.context.config.ConfigFileApplicationListener$Loader.loadIntoGroup(ConfigFileApplicationListener.java:473)
	at org.springframework.boot.context.config.ConfigFileApplicationListener$Loader.load(ConfigFileApplicationListener.java:445)
	at org.springframework.boot.context.config.ConfigFileApplicationListener$Loader.load(ConfigFileApplicationListener.java:380)
	at org.springframework.boot.context.config.ConfigFileApplicationListener.addPropertySources(ConfigFileApplicationListener.java:215)
	at org.springframework.boot.context.config.ConfigFileApplicationListener.postProcessEnvironment(ConfigFileApplicationListener.java:184)
	at org.springframework.boot.context.config.ConfigFileApplicationListener.onApplicationEnvironmentPreparedEvent(ConfigFileApplicationListener.java:171)
	at org.springframework.boot.context.config.ConfigFileApplicationListener.onApplicationEvent(ConfigFileApplicationListener.java:157)
	at org.springframework.context.event.SimpleApplicationEventMulticaster.invokeListener(SimpleApplicationEventMulticaster.java:167)
	at org.springframework.context.event.SimpleApplicationEventMulticaster.multicastEvent(SimpleApplicationEventMulticaster.java:139)
	at org.springframework.context.event.SimpleApplicationEventMulticaster.multicastEvent(SimpleApplicationEventMulticaster.java:122)
	at org.springframework.boot.context.event.EventPublishingRunListener.environmentPrepared(EventPublishingRunListener.java:73)
	at org.springframework.boot.SpringApplicationRunListeners.environmentPrepared(SpringApplicationRunListeners.java:54)
	at org.springframework.boot.SpringApplication.prepareEnvironment(SpringApplication.java:336)
	at org.springframework.boot.SpringApplication.run(SpringApplication.java:307)
	at com.aisino.Application.main(Application.java:26)
2017-04-27 14:47:58,764 ERROR [main] o.s.boot.SpringApplication [SpringApplication.java : 815] Application startup failed
org.yaml.snakeyaml.parser.ParserException: while parsing MappingNode
 in 'reader', line 3, column 7:
          readSize: 1
          ^
Duplicate key: name
 in 'reader', line 26, column 5:
        thymeleaf:
        ^

	at org.springframework.beans.factory.config.YamlProcessor$StrictMapAppenderConstructor.constructMapping(YamlProcessor.java:411)
	at org.yaml.snakeyaml.constructor.SafeConstructor$ConstructYamlMap.construct(SafeConstructor.java:489)
	at org.yaml.snakeyaml.constructor.BaseConstructor.constructObject(BaseConstructor.java:182)
	at org.yaml.snakeyaml.constructor.BaseConstructor.constructMapping2ndStep(BaseConstructor.java:373)
	at org.yaml.snakeyaml.constructor.SafeConstructor.constructMapping2ndStep(SafeConstructor.java:147)
	at org.yaml.snakeyaml.constructor.BaseConstructor.constructMapping(BaseConstructor.java:354)
	at org.springframework.beans.factory.config.YamlProcessor$StrictMapAppenderConstructor.constructMapping(YamlProcessor.java:407)
	at org.yaml.snakeyaml.constructor.SafeConstructor$ConstructYamlMap.construct(SafeConstructor.java:489)
	at org.yaml.snakeyaml.constructor.BaseConstructor.constructObject(BaseConstructor.java:182)
	at org.yaml.snakeyaml.constructor.BaseConstructor.constructMapping2ndStep(BaseConstructor.java:373)
	at org.yaml.snakeyaml.constructor.SafeConstructor.constructMapping2ndStep(SafeConstructor.java:147)
	at org.yaml.snakeyaml.constructor.BaseConstructor.constructMapping(BaseConstructor.java:354)
	at org.springframework.beans.factory.config.YamlProcessor$StrictMapAppenderConstructor.constructMapping(YamlProcessor.java:407)
	at org.yaml.snakeyaml.constructor.SafeConstructor$ConstructYamlMap.construct(SafeConstructor.java:489)
	at org.yaml.snakeyaml.constructor.BaseConstructor.constructObject(BaseConstructor.java:182)
	at org.yaml.snakeyaml.constructor.BaseConstructor.constructDocument(BaseConstructor.java:141)
	at org.yaml.snakeyaml.constructor.BaseConstructor.getData(BaseConstructor.java:108)
	at org.yaml.snakeyaml.Yaml$1.next(Yaml.java:471)
	at org.springframework.beans.factory.config.YamlProcessor.process(YamlProcessor.java:160)
	at org.springframework.beans.factory.config.YamlProcessor.process(YamlProcessor.java:138)
	at org.springframework.boot.env.YamlPropertySourceLoader$Processor.process(YamlPropertySourceLoader.java:101)
	at org.springframework.boot.env.YamlPropertySourceLoader.load(YamlPropertySourceLoader.java:58)
	at org.springframework.boot.env.PropertySourcesLoader.load(PropertySourcesLoader.java:127)
	at org.springframework.boot.context.config.ConfigFileApplicationListener$Loader.loadIntoGroup(ConfigFileApplicationListener.java:473)
	at org.springframework.boot.context.config.ConfigFileApplicationListener$Loader.load(ConfigFileApplicationListener.java:445)
	at org.springframework.boot.context.config.ConfigFileApplicationListener$Loader.load(ConfigFileApplicationListener.java:380)
	at org.springframework.boot.context.config.ConfigFileApplicationListener.addPropertySources(ConfigFileApplicationListener.java:215)
	at org.springframework.boot.context.config.ConfigFileApplicationListener.postProcessEnvironment(ConfigFileApplicationListener.java:184)
	at org.springframework.boot.context.config.ConfigFileApplicationListener.onApplicationEnvironmentPreparedEvent(ConfigFileApplicationListener.java:171)
	at org.springframework.boot.context.config.ConfigFileApplicationListener.onApplicationEvent(ConfigFileApplicationListener.java:157)
	at org.springframework.context.event.SimpleApplicationEventMulticaster.invokeListener(SimpleApplicationEventMulticaster.java:167)
	at org.springframework.context.event.SimpleApplicationEventMulticaster.multicastEvent(SimpleApplicationEventMulticaster.java:139)
	at org.springframework.context.event.SimpleApplicationEventMulticaster.multicastEvent(SimpleApplicationEventMulticaster.java:122)
	at org.springframework.boot.context.event.EventPublishingRunListener.environmentPrepared(EventPublishingRunListener.java:73)
	at org.springframework.boot.SpringApplicationRunListeners.environmentPrepared(SpringApplicationRunListeners.java:54)
	at org.springframework.boot.SpringApplication.prepareEnvironment(SpringApplication.java:336)
	at org.springframework.boot.SpringApplication.run(SpringApplication.java:307)
	at com.aisino.Application.main(Application.java:26)
2017-04-27 14:49:16,137 ERROR [main] o.s.boot.SpringApplication [SpringApplication.java : 815] Application startup failed
org.yaml.snakeyaml.parser.ParserException: while parsing MappingNode
 in 'reader', line 3, column 7:
          readSize: 1
          ^
Duplicate key: name
 in 'reader', line 26, column 5:
        thymeleaf:
        ^

	at org.springframework.beans.factory.config.YamlProcessor$StrictMapAppenderConstructor.constructMapping(YamlProcessor.java:411)
	at org.yaml.snakeyaml.constructor.SafeConstructor$ConstructYamlMap.construct(SafeConstructor.java:489)
	at org.yaml.snakeyaml.constructor.BaseConstructor.constructObject(BaseConstructor.java:182)
	at org.yaml.snakeyaml.constructor.BaseConstructor.constructMapping2ndStep(BaseConstructor.java:373)
	at org.yaml.snakeyaml.constructor.SafeConstructor.constructMapping2ndStep(SafeConstructor.java:147)
	at org.yaml.snakeyaml.constructor.BaseConstructor.constructMapping(BaseConstructor.java:354)
	at org.springframework.beans.factory.config.YamlProcessor$StrictMapAppenderConstructor.constructMapping(YamlProcessor.java:407)
	at org.yaml.snakeyaml.constructor.SafeConstructor$ConstructYamlMap.construct(SafeConstructor.java:489)
	at org.yaml.snakeyaml.constructor.BaseConstructor.constructObject(BaseConstructor.java:182)
	at org.yaml.snakeyaml.constructor.BaseConstructor.constructMapping2ndStep(BaseConstructor.java:373)
	at org.yaml.snakeyaml.constructor.SafeConstructor.constructMapping2ndStep(SafeConstructor.java:147)
	at org.yaml.snakeyaml.constructor.BaseConstructor.constructMapping(BaseConstructor.java:354)
	at org.springframework.beans.factory.config.YamlProcessor$StrictMapAppenderConstructor.constructMapping(YamlProcessor.java:407)
	at org.yaml.snakeyaml.constructor.SafeConstructor$ConstructYamlMap.construct(SafeConstructor.java:489)
	at org.yaml.snakeyaml.constructor.BaseConstructor.constructObject(BaseConstructor.java:182)
	at org.yaml.snakeyaml.constructor.BaseConstructor.constructDocument(BaseConstructor.java:141)
	at org.yaml.snakeyaml.constructor.BaseConstructor.getData(BaseConstructor.java:108)
	at org.yaml.snakeyaml.Yaml$1.next(Yaml.java:471)
	at org.springframework.beans.factory.config.YamlProcessor.process(YamlProcessor.java:160)
	at org.springframework.beans.factory.config.YamlProcessor.process(YamlProcessor.java:138)
	at org.springframework.boot.env.YamlPropertySourceLoader$Processor.process(YamlPropertySourceLoader.java:101)
	at org.springframework.boot.env.YamlPropertySourceLoader.load(YamlPropertySourceLoader.java:58)
	at org.springframework.boot.env.PropertySourcesLoader.load(PropertySourcesLoader.java:127)
	at org.springframework.boot.context.config.ConfigFileApplicationListener$Loader.loadIntoGroup(ConfigFileApplicationListener.java:473)
	at org.springframework.boot.context.config.ConfigFileApplicationListener$Loader.load(ConfigFileApplicationListener.java:445)
	at org.springframework.boot.context.config.ConfigFileApplicationListener$Loader.load(ConfigFileApplicationListener.java:380)
	at org.springframework.boot.context.config.ConfigFileApplicationListener.addPropertySources(ConfigFileApplicationListener.java:215)
	at org.springframework.boot.context.config.ConfigFileApplicationListener.postProcessEnvironment(ConfigFileApplicationListener.java:184)
	at org.springframework.boot.context.config.ConfigFileApplicationListener.onApplicationEnvironmentPreparedEvent(ConfigFileApplicationListener.java:171)
	at org.springframework.boot.context.config.ConfigFileApplicationListener.onApplicationEvent(ConfigFileApplicationListener.java:157)
	at org.springframework.context.event.SimpleApplicationEventMulticaster.invokeListener(SimpleApplicationEventMulticaster.java:167)
	at org.springframework.context.event.SimpleApplicationEventMulticaster.multicastEvent(SimpleApplicationEventMulticaster.java:139)
	at org.springframework.context.event.SimpleApplicationEventMulticaster.multicastEvent(SimpleApplicationEventMulticaster.java:122)
	at org.springframework.boot.context.event.EventPublishingRunListener.environmentPrepared(EventPublishingRunListener.java:73)
	at org.springframework.boot.SpringApplicationRunListeners.environmentPrepared(SpringApplicationRunListeners.java:54)
	at org.springframework.boot.SpringApplication.prepareEnvironment(SpringApplication.java:336)
	at org.springframework.boot.SpringApplication.run(SpringApplication.java:307)
	at com.aisino.Application.main(Application.java:26)
2017-04-27 14:50:20,878 ERROR [main] o.s.boot.SpringApplication [SpringApplication.java : 815] Application startup failed
org.yaml.snakeyaml.parser.ParserException: while parsing MappingNode
 in 'reader', line 4, column 7:
          name: writeDataSource
          ^
Duplicate key: name
 in 'reader', line 26, column 5:
        thymeleaf:
        ^

	at org.springframework.beans.factory.config.YamlProcessor$StrictMapAppenderConstructor.constructMapping(YamlProcessor.java:411)
	at org.yaml.snakeyaml.constructor.SafeConstructor$ConstructYamlMap.construct(SafeConstructor.java:489)
	at org.yaml.snakeyaml.constructor.BaseConstructor.constructObject(BaseConstructor.java:182)
	at org.yaml.snakeyaml.constructor.BaseConstructor.constructMapping2ndStep(BaseConstructor.java:373)
	at org.yaml.snakeyaml.constructor.SafeConstructor.constructMapping2ndStep(SafeConstructor.java:147)
	at org.yaml.snakeyaml.constructor.BaseConstructor.constructMapping(BaseConstructor.java:354)
	at org.springframework.beans.factory.config.YamlProcessor$StrictMapAppenderConstructor.constructMapping(YamlProcessor.java:407)
	at org.yaml.snakeyaml.constructor.SafeConstructor$ConstructYamlMap.construct(SafeConstructor.java:489)
	at org.yaml.snakeyaml.constructor.BaseConstructor.constructObject(BaseConstructor.java:182)
	at org.yaml.snakeyaml.constructor.BaseConstructor.constructMapping2ndStep(BaseConstructor.java:373)
	at org.yaml.snakeyaml.constructor.SafeConstructor.constructMapping2ndStep(SafeConstructor.java:147)
	at org.yaml.snakeyaml.constructor.BaseConstructor.constructMapping(BaseConstructor.java:354)
	at org.springframework.beans.factory.config.YamlProcessor$StrictMapAppenderConstructor.constructMapping(YamlProcessor.java:407)
	at org.yaml.snakeyaml.constructor.SafeConstructor$ConstructYamlMap.construct(SafeConstructor.java:489)
	at org.yaml.snakeyaml.constructor.BaseConstructor.constructObject(BaseConstructor.java:182)
	at org.yaml.snakeyaml.constructor.BaseConstructor.constructDocument(BaseConstructor.java:141)
	at org.yaml.snakeyaml.constructor.BaseConstructor.getData(BaseConstructor.java:108)
	at org.yaml.snakeyaml.Yaml$1.next(Yaml.java:471)
	at org.springframework.beans.factory.config.YamlProcessor.process(YamlProcessor.java:160)
	at org.springframework.beans.factory.config.YamlProcessor.process(YamlProcessor.java:138)
	at org.springframework.boot.env.YamlPropertySourceLoader$Processor.process(YamlPropertySourceLoader.java:101)
	at org.springframework.boot.env.YamlPropertySourceLoader.load(YamlPropertySourceLoader.java:58)
	at org.springframework.boot.env.PropertySourcesLoader.load(PropertySourcesLoader.java:127)
	at org.springframework.boot.context.config.ConfigFileApplicationListener$Loader.loadIntoGroup(ConfigFileApplicationListener.java:473)
	at org.springframework.boot.context.config.ConfigFileApplicationListener$Loader.load(ConfigFileApplicationListener.java:445)
	at org.springframework.boot.context.config.ConfigFileApplicationListener$Loader.load(ConfigFileApplicationListener.java:380)
	at org.springframework.boot.context.config.ConfigFileApplicationListener.addPropertySources(ConfigFileApplicationListener.java:215)
	at org.springframework.boot.context.config.ConfigFileApplicationListener.postProcessEnvironment(ConfigFileApplicationListener.java:184)
	at org.springframework.boot.context.config.ConfigFileApplicationListener.onApplicationEnvironmentPreparedEvent(ConfigFileApplicationListener.java:171)
	at org.springframework.boot.context.config.ConfigFileApplicationListener.onApplicationEvent(ConfigFileApplicationListener.java:157)
	at org.springframework.context.event.SimpleApplicationEventMulticaster.invokeListener(SimpleApplicationEventMulticaster.java:167)
	at org.springframework.context.event.SimpleApplicationEventMulticaster.multicastEvent(SimpleApplicationEventMulticaster.java:139)
	at org.springframework.context.event.SimpleApplicationEventMulticaster.multicastEvent(SimpleApplicationEventMulticaster.java:122)
	at org.springframework.boot.context.event.EventPublishingRunListener.environmentPrepared(EventPublishingRunListener.java:73)
	at org.springframework.boot.SpringApplicationRunListeners.environmentPrepared(SpringApplicationRunListeners.java:54)
	at org.springframework.boot.SpringApplication.prepareEnvironment(SpringApplication.java:336)
	at org.springframework.boot.SpringApplication.run(SpringApplication.java:307)
	at com.aisino.Application.main(Application.java:26)
2017-04-27 14:50:27,967 ERROR [main] o.s.boot.SpringApplication [SpringApplication.java : 815] Application startup failed
org.yaml.snakeyaml.parser.ParserException: while parsing MappingNode
 in 'reader', line 4, column 7:
          name: writeDataSource
          ^
Duplicate key: name
 in 'reader', line 26, column 5:
        thymeleaf:
        ^

	at org.springframework.beans.factory.config.YamlProcessor$StrictMapAppenderConstructor.constructMapping(YamlProcessor.java:411)
	at org.yaml.snakeyaml.constructor.SafeConstructor$ConstructYamlMap.construct(SafeConstructor.java:489)
	at org.yaml.snakeyaml.constructor.BaseConstructor.constructObject(BaseConstructor.java:182)
	at org.yaml.snakeyaml.constructor.BaseConstructor.constructMapping2ndStep(BaseConstructor.java:373)
	at org.yaml.snakeyaml.constructor.SafeConstructor.constructMapping2ndStep(SafeConstructor.java:147)
	at org.yaml.snakeyaml.constructor.BaseConstructor.constructMapping(BaseConstructor.java:354)
	at org.springframework.beans.factory.config.YamlProcessor$StrictMapAppenderConstructor.constructMapping(YamlProcessor.java:407)
	at org.yaml.snakeyaml.constructor.SafeConstructor$ConstructYamlMap.construct(SafeConstructor.java:489)
	at org.yaml.snakeyaml.constructor.BaseConstructor.constructObject(BaseConstructor.java:182)
	at org.yaml.snakeyaml.constructor.BaseConstructor.constructMapping2ndStep(BaseConstructor.java:373)
	at org.yaml.snakeyaml.constructor.SafeConstructor.constructMapping2ndStep(SafeConstructor.java:147)
	at org.yaml.snakeyaml.constructor.BaseConstructor.constructMapping(BaseConstructor.java:354)
	at org.springframework.beans.factory.config.YamlProcessor$StrictMapAppenderConstructor.constructMapping(YamlProcessor.java:407)
	at org.yaml.snakeyaml.constructor.SafeConstructor$ConstructYamlMap.construct(SafeConstructor.java:489)
	at org.yaml.snakeyaml.constructor.BaseConstructor.constructObject(BaseConstructor.java:182)
	at org.yaml.snakeyaml.constructor.BaseConstructor.constructDocument(BaseConstructor.java:141)
	at org.yaml.snakeyaml.constructor.BaseConstructor.getData(BaseConstructor.java:108)
	at org.yaml.snakeyaml.Yaml$1.next(Yaml.java:471)
	at org.springframework.beans.factory.config.YamlProcessor.process(YamlProcessor.java:160)
	at org.springframework.beans.factory.config.YamlProcessor.process(YamlProcessor.java:138)
	at org.springframework.boot.env.YamlPropertySourceLoader$Processor.process(YamlPropertySourceLoader.java:101)
	at org.springframework.boot.env.YamlPropertySourceLoader.load(YamlPropertySourceLoader.java:58)
	at org.springframework.boot.env.PropertySourcesLoader.load(PropertySourcesLoader.java:127)
	at org.springframework.boot.context.config.ConfigFileApplicationListener$Loader.loadIntoGroup(ConfigFileApplicationListener.java:473)
	at org.springframework.boot.context.config.ConfigFileApplicationListener$Loader.load(ConfigFileApplicationListener.java:445)
	at org.springframework.boot.context.config.ConfigFileApplicationListener$Loader.load(ConfigFileApplicationListener.java:380)
	at org.springframework.boot.context.config.ConfigFileApplicationListener.addPropertySources(ConfigFileApplicationListener.java:215)
	at org.springframework.boot.context.config.ConfigFileApplicationListener.postProcessEnvironment(ConfigFileApplicationListener.java:184)
	at org.springframework.boot.context.config.ConfigFileApplicationListener.onApplicationEnvironmentPreparedEvent(ConfigFileApplicationListener.java:171)
	at org.springframework.boot.context.config.ConfigFileApplicationListener.onApplicationEvent(ConfigFileApplicationListener.java:157)
	at org.springframework.context.event.SimpleApplicationEventMulticaster.invokeListener(SimpleApplicationEventMulticaster.java:167)
	at org.springframework.context.event.SimpleApplicationEventMulticaster.multicastEvent(SimpleApplicationEventMulticaster.java:139)
	at org.springframework.context.event.SimpleApplicationEventMulticaster.multicastEvent(SimpleApplicationEventMulticaster.java:122)
	at org.springframework.boot.context.event.EventPublishingRunListener.environmentPrepared(EventPublishingRunListener.java:73)
	at org.springframework.boot.SpringApplicationRunListeners.environmentPrepared(SpringApplicationRunListeners.java:54)
	at org.springframework.boot.SpringApplication.prepareEnvironment(SpringApplication.java:336)
	at org.springframework.boot.SpringApplication.run(SpringApplication.java:307)
	at com.aisino.Application.main(Application.java:26)
2017-04-27 14:50:47,613 ERROR [main] o.s.boot.SpringApplication [SpringApplication.java : 815] Application startup failed
org.yaml.snakeyaml.parser.ParserException: while parsing MappingNode
 in 'reader', line 4, column 7:
          name: writeDataSource
          ^
Duplicate key: name
 in 'reader', line 26, column 5:
        thymeleaf:
        ^

	at org.springframework.beans.factory.config.YamlProcessor$StrictMapAppenderConstructor.constructMapping(YamlProcessor.java:411)
	at org.yaml.snakeyaml.constructor.SafeConstructor$ConstructYamlMap.construct(SafeConstructor.java:489)
	at org.yaml.snakeyaml.constructor.BaseConstructor.constructObject(BaseConstructor.java:182)
	at org.yaml.snakeyaml.constructor.BaseConstructor.constructMapping2ndStep(BaseConstructor.java:373)
	at org.yaml.snakeyaml.constructor.SafeConstructor.constructMapping2ndStep(SafeConstructor.java:147)
	at org.yaml.snakeyaml.constructor.BaseConstructor.constructMapping(BaseConstructor.java:354)
	at org.springframework.beans.factory.config.YamlProcessor$StrictMapAppenderConstructor.constructMapping(YamlProcessor.java:407)
	at org.yaml.snakeyaml.constructor.SafeConstructor$ConstructYamlMap.construct(SafeConstructor.java:489)
	at org.yaml.snakeyaml.constructor.BaseConstructor.constructObject(BaseConstructor.java:182)
	at org.yaml.snakeyaml.constructor.BaseConstructor.constructMapping2ndStep(BaseConstructor.java:373)
	at org.yaml.snakeyaml.constructor.SafeConstructor.constructMapping2ndStep(SafeConstructor.java:147)
	at org.yaml.snakeyaml.constructor.BaseConstructor.constructMapping(BaseConstructor.java:354)
	at org.springframework.beans.factory.config.YamlProcessor$StrictMapAppenderConstructor.constructMapping(YamlProcessor.java:407)
	at org.yaml.snakeyaml.constructor.SafeConstructor$ConstructYamlMap.construct(SafeConstructor.java:489)
	at org.yaml.snakeyaml.constructor.BaseConstructor.constructObject(BaseConstructor.java:182)
	at org.yaml.snakeyaml.constructor.BaseConstructor.constructDocument(BaseConstructor.java:141)
	at org.yaml.snakeyaml.constructor.BaseConstructor.getData(BaseConstructor.java:108)
	at org.yaml.snakeyaml.Yaml$1.next(Yaml.java:471)
	at org.springframework.beans.factory.config.YamlProcessor.process(YamlProcessor.java:160)
	at org.springframework.beans.factory.config.YamlProcessor.process(YamlProcessor.java:138)
	at org.springframework.boot.env.YamlPropertySourceLoader$Processor.process(YamlPropertySourceLoader.java:101)
	at org.springframework.boot.env.YamlPropertySourceLoader.load(YamlPropertySourceLoader.java:58)
	at org.springframework.boot.env.PropertySourcesLoader.load(PropertySourcesLoader.java:127)
	at org.springframework.boot.context.config.ConfigFileApplicationListener$Loader.loadIntoGroup(ConfigFileApplicationListener.java:473)
	at org.springframework.boot.context.config.ConfigFileApplicationListener$Loader.load(ConfigFileApplicationListener.java:445)
	at org.springframework.boot.context.config.ConfigFileApplicationListener$Loader.load(ConfigFileApplicationListener.java:380)
	at org.springframework.boot.context.config.ConfigFileApplicationListener.addPropertySources(ConfigFileApplicationListener.java:215)
	at org.springframework.boot.context.config.ConfigFileApplicationListener.postProcessEnvironment(ConfigFileApplicationListener.java:184)
	at org.springframework.boot.context.config.ConfigFileApplicationListener.onApplicationEnvironmentPreparedEvent(ConfigFileApplicationListener.java:171)
	at org.springframework.boot.context.config.ConfigFileApplicationListener.onApplicationEvent(ConfigFileApplicationListener.java:157)
	at org.springframework.context.event.SimpleApplicationEventMulticaster.invokeListener(SimpleApplicationEventMulticaster.java:167)
	at org.springframework.context.event.SimpleApplicationEventMulticaster.multicastEvent(SimpleApplicationEventMulticaster.java:139)
	at org.springframework.context.event.SimpleApplicationEventMulticaster.multicastEvent(SimpleApplicationEventMulticaster.java:122)
	at org.springframework.boot.context.event.EventPublishingRunListener.environmentPrepared(EventPublishingRunListener.java:73)
	at org.springframework.boot.SpringApplicationRunListeners.environmentPrepared(SpringApplicationRunListeners.java:54)
	at org.springframework.boot.SpringApplication.prepareEnvironment(SpringApplication.java:336)
	at org.springframework.boot.SpringApplication.run(SpringApplication.java:307)
	at com.aisino.Application.main(Application.java:26)
2017-04-27 14:51:47,301 ERROR [main] o.s.boot.SpringApplication [SpringApplication.java : 815] Application startup failed
org.yaml.snakeyaml.parser.ParserException: while parsing MappingNode
 in 'reader', line 4, column 7:
          name: writeDataSource
          ^
Duplicate key: name
 in 'reader', line 26, column 5:
        thymeleaf:
        ^

	at org.springframework.beans.factory.config.YamlProcessor$StrictMapAppenderConstructor.constructMapping(YamlProcessor.java:411)
	at org.yaml.snakeyaml.constructor.SafeConstructor$ConstructYamlMap.construct(SafeConstructor.java:489)
	at org.yaml.snakeyaml.constructor.BaseConstructor.constructObject(BaseConstructor.java:182)
	at org.yaml.snakeyaml.constructor.BaseConstructor.constructMapping2ndStep(BaseConstructor.java:373)
	at org.yaml.snakeyaml.constructor.SafeConstructor.constructMapping2ndStep(SafeConstructor.java:147)
	at org.yaml.snakeyaml.constructor.BaseConstructor.constructMapping(BaseConstructor.java:354)
	at org.springframework.beans.factory.config.YamlProcessor$StrictMapAppenderConstructor.constructMapping(YamlProcessor.java:407)
	at org.yaml.snakeyaml.constructor.SafeConstructor$ConstructYamlMap.construct(SafeConstructor.java:489)
	at org.yaml.snakeyaml.constructor.BaseConstructor.constructObject(BaseConstructor.java:182)
	at org.yaml.snakeyaml.constructor.BaseConstructor.constructMapping2ndStep(BaseConstructor.java:373)
	at org.yaml.snakeyaml.constructor.SafeConstructor.constructMapping2ndStep(SafeConstructor.java:147)
	at org.yaml.snakeyaml.constructor.BaseConstructor.constructMapping(BaseConstructor.java:354)
	at org.springframework.beans.factory.config.YamlProcessor$StrictMapAppenderConstructor.constructMapping(YamlProcessor.java:407)
	at org.yaml.snakeyaml.constructor.SafeConstructor$ConstructYamlMap.construct(SafeConstructor.java:489)
	at org.yaml.snakeyaml.constructor.BaseConstructor.constructObject(BaseConstructor.java:182)
	at org.yaml.snakeyaml.constructor.BaseConstructor.constructDocument(BaseConstructor.java:141)
	at org.yaml.snakeyaml.constructor.BaseConstructor.getData(BaseConstructor.java:108)
	at org.yaml.snakeyaml.Yaml$1.next(Yaml.java:471)
	at org.springframework.beans.factory.config.YamlProcessor.process(YamlProcessor.java:160)
	at org.springframework.beans.factory.config.YamlProcessor.process(YamlProcessor.java:138)
	at org.springframework.boot.env.YamlPropertySourceLoader$Processor.process(YamlPropertySourceLoader.java:101)
	at org.springframework.boot.env.YamlPropertySourceLoader.load(YamlPropertySourceLoader.java:58)
	at org.springframework.boot.env.PropertySourcesLoader.load(PropertySourcesLoader.java:127)
	at org.springframework.boot.context.config.ConfigFileApplicationListener$Loader.loadIntoGroup(ConfigFileApplicationListener.java:473)
	at org.springframework.boot.context.config.ConfigFileApplicationListener$Loader.load(ConfigFileApplicationListener.java:445)
	at org.springframework.boot.context.config.ConfigFileApplicationListener$Loader.load(ConfigFileApplicationListener.java:380)
	at org.springframework.boot.context.config.ConfigFileApplicationListener.addPropertySources(ConfigFileApplicationListener.java:215)
	at org.springframework.boot.context.config.ConfigFileApplicationListener.postProcessEnvironment(ConfigFileApplicationListener.java:184)
	at org.springframework.boot.context.config.ConfigFileApplicationListener.onApplicationEnvironmentPreparedEvent(ConfigFileApplicationListener.java:171)
	at org.springframework.boot.context.config.ConfigFileApplicationListener.onApplicationEvent(ConfigFileApplicationListener.java:157)
	at org.springframework.context.event.SimpleApplicationEventMulticaster.invokeListener(SimpleApplicationEventMulticaster.java:167)
	at org.springframework.context.event.SimpleApplicationEventMulticaster.multicastEvent(SimpleApplicationEventMulticaster.java:139)
	at org.springframework.context.event.SimpleApplicationEventMulticaster.multicastEvent(SimpleApplicationEventMulticaster.java:122)
	at org.springframework.boot.context.event.EventPublishingRunListener.environmentPrepared(EventPublishingRunListener.java:73)
	at org.springframework.boot.SpringApplicationRunListeners.environmentPrepared(SpringApplicationRunListeners.java:54)
	at org.springframework.boot.SpringApplication.prepareEnvironment(SpringApplication.java:336)
	at org.springframework.boot.SpringApplication.run(SpringApplication.java:307)
	at com.aisino.Application.main(Application.java:26)
2017-04-27 14:52:19,586 ERROR [main] o.s.boot.SpringApplication [SpringApplication.java : 815] Application startup failed
org.yaml.snakeyaml.parser.ParserException: while parsing MappingNode
 in 'reader', line 4, column 7:
          name: writeDataSource
          ^
Duplicate key: name
 in 'reader', line 26, column 5:
        thymeleaf:
        ^

	at org.springframework.beans.factory.config.YamlProcessor$StrictMapAppenderConstructor.constructMapping(YamlProcessor.java:411)
	at org.yaml.snakeyaml.constructor.SafeConstructor$ConstructYamlMap.construct(SafeConstructor.java:489)
	at org.yaml.snakeyaml.constructor.BaseConstructor.constructObject(BaseConstructor.java:182)
	at org.yaml.snakeyaml.constructor.BaseConstructor.constructMapping2ndStep(BaseConstructor.java:373)
	at org.yaml.snakeyaml.constructor.SafeConstructor.constructMapping2ndStep(SafeConstructor.java:147)
	at org.yaml.snakeyaml.constructor.BaseConstructor.constructMapping(BaseConstructor.java:354)
	at org.springframework.beans.factory.config.YamlProcessor$StrictMapAppenderConstructor.constructMapping(YamlProcessor.java:407)
	at org.yaml.snakeyaml.constructor.SafeConstructor$ConstructYamlMap.construct(SafeConstructor.java:489)
	at org.yaml.snakeyaml.constructor.BaseConstructor.constructObject(BaseConstructor.java:182)
	at org.yaml.snakeyaml.constructor.BaseConstructor.constructMapping2ndStep(BaseConstructor.java:373)
	at org.yaml.snakeyaml.constructor.SafeConstructor.constructMapping2ndStep(SafeConstructor.java:147)
	at org.yaml.snakeyaml.constructor.BaseConstructor.constructMapping(BaseConstructor.java:354)
	at org.springframework.beans.factory.config.YamlProcessor$StrictMapAppenderConstructor.constructMapping(YamlProcessor.java:407)
	at org.yaml.snakeyaml.constructor.SafeConstructor$ConstructYamlMap.construct(SafeConstructor.java:489)
	at org.yaml.snakeyaml.constructor.BaseConstructor.constructObject(BaseConstructor.java:182)
	at org.yaml.snakeyaml.constructor.BaseConstructor.constructDocument(BaseConstructor.java:141)
	at org.yaml.snakeyaml.constructor.BaseConstructor.getData(BaseConstructor.java:108)
	at org.yaml.snakeyaml.Yaml$1.next(Yaml.java:471)
	at org.springframework.beans.factory.config.YamlProcessor.process(YamlProcessor.java:160)
	at org.springframework.beans.factory.config.YamlProcessor.process(YamlProcessor.java:138)
	at org.springframework.boot.env.YamlPropertySourceLoader$Processor.process(YamlPropertySourceLoader.java:101)
	at org.springframework.boot.env.YamlPropertySourceLoader.load(YamlPropertySourceLoader.java:58)
	at org.springframework.boot.env.PropertySourcesLoader.load(PropertySourcesLoader.java:127)
	at org.springframework.boot.context.config.ConfigFileApplicationListener$Loader.loadIntoGroup(ConfigFileApplicationListener.java:473)
	at org.springframework.boot.context.config.ConfigFileApplicationListener$Loader.load(ConfigFileApplicationListener.java:445)
	at org.springframework.boot.context.config.ConfigFileApplicationListener$Loader.load(ConfigFileApplicationListener.java:380)
	at org.springframework.boot.context.config.ConfigFileApplicationListener.addPropertySources(ConfigFileApplicationListener.java:215)
	at org.springframework.boot.context.config.ConfigFileApplicationListener.postProcessEnvironment(ConfigFileApplicationListener.java:184)
	at org.springframework.boot.context.config.ConfigFileApplicationListener.onApplicationEnvironmentPreparedEvent(ConfigFileApplicationListener.java:171)
	at org.springframework.boot.context.config.ConfigFileApplicationListener.onApplicationEvent(ConfigFileApplicationListener.java:157)
	at org.springframework.context.event.SimpleApplicationEventMulticaster.invokeListener(SimpleApplicationEventMulticaster.java:167)
	at org.springframework.context.event.SimpleApplicationEventMulticaster.multicastEvent(SimpleApplicationEventMulticaster.java:139)
	at org.springframework.context.event.SimpleApplicationEventMulticaster.multicastEvent(SimpleApplicationEventMulticaster.java:122)
	at org.springframework.boot.context.event.EventPublishingRunListener.environmentPrepared(EventPublishingRunListener.java:73)
	at org.springframework.boot.SpringApplicationRunListeners.environmentPrepared(SpringApplicationRunListeners.java:54)
	at org.springframework.boot.SpringApplication.prepareEnvironment(SpringApplication.java:336)
	at org.springframework.boot.SpringApplication.run(SpringApplication.java:307)
	at com.aisino.Application.main(Application.java:26)
2017-04-27 14:54:32,161 ERROR [main] o.s.boot.SpringApplication [SpringApplication.java : 815] Application startup failed
org.yaml.snakeyaml.parser.ParserException: while parsing MappingNode
 in 'reader', line 4, column 7:
          name: writeDataSource
          ^
Duplicate key: name
 in 'reader', line 26, column 5:
        thymeleaf:
        ^

	at org.springframework.beans.factory.config.YamlProcessor$StrictMapAppenderConstructor.constructMapping(YamlProcessor.java:411)
	at org.yaml.snakeyaml.constructor.SafeConstructor$ConstructYamlMap.construct(SafeConstructor.java:489)
	at org.yaml.snakeyaml.constructor.BaseConstructor.constructObject(BaseConstructor.java:182)
	at org.yaml.snakeyaml.constructor.BaseConstructor.constructMapping2ndStep(BaseConstructor.java:373)
	at org.yaml.snakeyaml.constructor.SafeConstructor.constructMapping2ndStep(SafeConstructor.java:147)
	at org.yaml.snakeyaml.constructor.BaseConstructor.constructMapping(BaseConstructor.java:354)
	at org.springframework.beans.factory.config.YamlProcessor$StrictMapAppenderConstructor.constructMapping(YamlProcessor.java:407)
	at org.yaml.snakeyaml.constructor.SafeConstructor$ConstructYamlMap.construct(SafeConstructor.java:489)
	at org.yaml.snakeyaml.constructor.BaseConstructor.constructObject(BaseConstructor.java:182)
	at org.yaml.snakeyaml.constructor.BaseConstructor.constructMapping2ndStep(BaseConstructor.java:373)
	at org.yaml.snakeyaml.constructor.SafeConstructor.constructMapping2ndStep(SafeConstructor.java:147)
	at org.yaml.snakeyaml.constructor.BaseConstructor.constructMapping(BaseConstructor.java:354)
	at org.springframework.beans.factory.config.YamlProcessor$StrictMapAppenderConstructor.constructMapping(YamlProcessor.java:407)
	at org.yaml.snakeyaml.constructor.SafeConstructor$ConstructYamlMap.construct(SafeConstructor.java:489)
	at org.yaml.snakeyaml.constructor.BaseConstructor.constructObject(BaseConstructor.java:182)
	at org.yaml.snakeyaml.constructor.BaseConstructor.constructDocument(BaseConstructor.java:141)
	at org.yaml.snakeyaml.constructor.BaseConstructor.getData(BaseConstructor.java:108)
	at org.yaml.snakeyaml.Yaml$1.next(Yaml.java:471)
	at org.springframework.beans.factory.config.YamlProcessor.process(YamlProcessor.java:160)
	at org.springframework.beans.factory.config.YamlProcessor.process(YamlProcessor.java:138)
	at org.springframework.boot.env.YamlPropertySourceLoader$Processor.process(YamlPropertySourceLoader.java:101)
	at org.springframework.boot.env.YamlPropertySourceLoader.load(YamlPropertySourceLoader.java:58)
	at org.springframework.boot.env.PropertySourcesLoader.load(PropertySourcesLoader.java:127)
	at org.springframework.boot.context.config.ConfigFileApplicationListener$Loader.loadIntoGroup(ConfigFileApplicationListener.java:473)
	at org.springframework.boot.context.config.ConfigFileApplicationListener$Loader.load(ConfigFileApplicationListener.java:445)
	at org.springframework.boot.context.config.ConfigFileApplicationListener$Loader.load(ConfigFileApplicationListener.java:380)
	at org.springframework.boot.context.config.ConfigFileApplicationListener.addPropertySources(ConfigFileApplicationListener.java:215)
	at org.springframework.boot.context.config.ConfigFileApplicationListener.postProcessEnvironment(ConfigFileApplicationListener.java:184)
	at org.springframework.boot.context.config.ConfigFileApplicationListener.onApplicationEnvironmentPreparedEvent(ConfigFileApplicationListener.java:171)
	at org.springframework.boot.context.config.ConfigFileApplicationListener.onApplicationEvent(ConfigFileApplicationListener.java:157)
	at org.springframework.context.event.SimpleApplicationEventMulticaster.invokeListener(SimpleApplicationEventMulticaster.java:167)
	at org.springframework.context.event.SimpleApplicationEventMulticaster.multicastEvent(SimpleApplicationEventMulticaster.java:139)
	at org.springframework.context.event.SimpleApplicationEventMulticaster.multicastEvent(SimpleApplicationEventMulticaster.java:122)
	at org.springframework.boot.context.event.EventPublishingRunListener.environmentPrepared(EventPublishingRunListener.java:73)
	at org.springframework.boot.SpringApplicationRunListeners.environmentPrepared(SpringApplicationRunListeners.java:54)
	at org.springframework.boot.SpringApplication.prepareEnvironment(SpringApplication.java:336)
	at org.springframework.boot.SpringApplication.run(SpringApplication.java:307)
	at com.aisino.Application.main(Application.java:26)
2017-04-27 14:55:07,441 ERROR [main] o.s.boot.SpringApplication [SpringApplication.java : 815] Application startup failed
org.yaml.snakeyaml.parser.ParserException: while parsing MappingNode
 in 'reader', line 4, column 7:
          name: writeDataSource
          ^
Duplicate key: name
 in 'reader', line 26, column 5:
        thymeleaf:
        ^

	at org.springframework.beans.factory.config.YamlProcessor$StrictMapAppenderConstructor.constructMapping(YamlProcessor.java:411)
	at org.yaml.snakeyaml.constructor.SafeConstructor$ConstructYamlMap.construct(SafeConstructor.java:489)
	at org.yaml.snakeyaml.constructor.BaseConstructor.constructObject(BaseConstructor.java:182)
	at org.yaml.snakeyaml.constructor.BaseConstructor.constructMapping2ndStep(BaseConstructor.java:373)
	at org.yaml.snakeyaml.constructor.SafeConstructor.constructMapping2ndStep(SafeConstructor.java:147)
	at org.yaml.snakeyaml.constructor.BaseConstructor.constructMapping(BaseConstructor.java:354)
	at org.springframework.beans.factory.config.YamlProcessor$StrictMapAppenderConstructor.constructMapping(YamlProcessor.java:407)
	at org.yaml.snakeyaml.constructor.SafeConstructor$ConstructYamlMap.construct(SafeConstructor.java:489)
	at org.yaml.snakeyaml.constructor.BaseConstructor.constructObject(BaseConstructor.java:182)
	at org.yaml.snakeyaml.constructor.BaseConstructor.constructMapping2ndStep(BaseConstructor.java:373)
	at org.yaml.snakeyaml.constructor.SafeConstructor.constructMapping2ndStep(SafeConstructor.java:147)
	at org.yaml.snakeyaml.constructor.BaseConstructor.constructMapping(BaseConstructor.java:354)
	at org.springframework.beans.factory.config.YamlProcessor$StrictMapAppenderConstructor.constructMapping(YamlProcessor.java:407)
	at org.yaml.snakeyaml.constructor.SafeConstructor$ConstructYamlMap.construct(SafeConstructor.java:489)
	at org.yaml.snakeyaml.constructor.BaseConstructor.constructObject(BaseConstructor.java:182)
	at org.yaml.snakeyaml.constructor.BaseConstructor.constructDocument(BaseConstructor.java:141)
	at org.yaml.snakeyaml.constructor.BaseConstructor.getData(BaseConstructor.java:108)
	at org.yaml.snakeyaml.Yaml$1.next(Yaml.java:471)
	at org.springframework.beans.factory.config.YamlProcessor.process(YamlProcessor.java:160)
	at org.springframework.beans.factory.config.YamlProcessor.process(YamlProcessor.java:138)
	at org.springframework.boot.env.YamlPropertySourceLoader$Processor.process(YamlPropertySourceLoader.java:101)
	at org.springframework.boot.env.YamlPropertySourceLoader.load(YamlPropertySourceLoader.java:58)
	at org.springframework.boot.env.PropertySourcesLoader.load(PropertySourcesLoader.java:127)
	at org.springframework.boot.context.config.ConfigFileApplicationListener$Loader.loadIntoGroup(ConfigFileApplicationListener.java:473)
	at org.springframework.boot.context.config.ConfigFileApplicationListener$Loader.load(ConfigFileApplicationListener.java:445)
	at org.springframework.boot.context.config.ConfigFileApplicationListener$Loader.load(ConfigFileApplicationListener.java:380)
	at org.springframework.boot.context.config.ConfigFileApplicationListener.addPropertySources(ConfigFileApplicationListener.java:215)
	at org.springframework.boot.context.config.ConfigFileApplicationListener.postProcessEnvironment(ConfigFileApplicationListener.java:184)
	at org.springframework.boot.context.config.ConfigFileApplicationListener.onApplicationEnvironmentPreparedEvent(ConfigFileApplicationListener.java:171)
	at org.springframework.boot.context.config.ConfigFileApplicationListener.onApplicationEvent(ConfigFileApplicationListener.java:157)
	at org.springframework.context.event.SimpleApplicationEventMulticaster.invokeListener(SimpleApplicationEventMulticaster.java:167)
	at org.springframework.context.event.SimpleApplicationEventMulticaster.multicastEvent(SimpleApplicationEventMulticaster.java:139)
	at org.springframework.context.event.SimpleApplicationEventMulticaster.multicastEvent(SimpleApplicationEventMulticaster.java:122)
	at org.springframework.boot.context.event.EventPublishingRunListener.environmentPrepared(EventPublishingRunListener.java:73)
	at org.springframework.boot.SpringApplicationRunListeners.environmentPrepared(SpringApplicationRunListeners.java:54)
	at org.springframework.boot.SpringApplication.prepareEnvironment(SpringApplication.java:336)
	at org.springframework.boot.SpringApplication.run(SpringApplication.java:307)
	at com.aisino.Application.main(Application.java:26)
2017-04-27 14:55:57,254 ERROR [main] o.s.boot.SpringApplication [SpringApplication.java : 815] Application startup failed
org.yaml.snakeyaml.parser.ParserException: while parsing MappingNode
 in 'reader', line 2, column 5:
        datasource:
        ^
Duplicate key: datasource
 in 'reader', line 36, column 1:
    server:
    ^

	at org.springframework.beans.factory.config.YamlProcessor$StrictMapAppenderConstructor.constructMapping(YamlProcessor.java:411)
	at org.yaml.snakeyaml.constructor.SafeConstructor$ConstructYamlMap.construct(SafeConstructor.java:489)
	at org.yaml.snakeyaml.constructor.BaseConstructor.constructObject(BaseConstructor.java:182)
	at org.yaml.snakeyaml.constructor.BaseConstructor.constructMapping2ndStep(BaseConstructor.java:373)
	at org.yaml.snakeyaml.constructor.SafeConstructor.constructMapping2ndStep(SafeConstructor.java:147)
	at org.yaml.snakeyaml.constructor.BaseConstructor.constructMapping(BaseConstructor.java:354)
	at org.springframework.beans.factory.config.YamlProcessor$StrictMapAppenderConstructor.constructMapping(YamlProcessor.java:407)
	at org.yaml.snakeyaml.constructor.SafeConstructor$ConstructYamlMap.construct(SafeConstructor.java:489)
	at org.yaml.snakeyaml.constructor.BaseConstructor.constructObject(BaseConstructor.java:182)
	at org.yaml.snakeyaml.constructor.BaseConstructor.constructDocument(BaseConstructor.java:141)
	at org.yaml.snakeyaml.constructor.BaseConstructor.getData(BaseConstructor.java:108)
	at org.yaml.snakeyaml.Yaml$1.next(Yaml.java:471)
	at org.springframework.beans.factory.config.YamlProcessor.process(YamlProcessor.java:160)
	at org.springframework.beans.factory.config.YamlProcessor.process(YamlProcessor.java:138)
	at org.springframework.boot.env.YamlPropertySourceLoader$Processor.process(YamlPropertySourceLoader.java:101)
	at org.springframework.boot.env.YamlPropertySourceLoader.load(YamlPropertySourceLoader.java:58)
	at org.springframework.boot.env.PropertySourcesLoader.load(PropertySourcesLoader.java:127)
	at org.springframework.boot.context.config.ConfigFileApplicationListener$Loader.loadIntoGroup(ConfigFileApplicationListener.java:473)
	at org.springframework.boot.context.config.ConfigFileApplicationListener$Loader.load(ConfigFileApplicationListener.java:445)
	at org.springframework.boot.context.config.ConfigFileApplicationListener$Loader.load(ConfigFileApplicationListener.java:380)
	at org.springframework.boot.context.config.ConfigFileApplicationListener.addPropertySources(ConfigFileApplicationListener.java:215)
	at org.springframework.boot.context.config.ConfigFileApplicationListener.postProcessEnvironment(ConfigFileApplicationListener.java:184)
	at org.springframework.boot.context.config.ConfigFileApplicationListener.onApplicationEnvironmentPreparedEvent(ConfigFileApplicationListener.java:171)
	at org.springframework.boot.context.config.ConfigFileApplicationListener.onApplicationEvent(ConfigFileApplicationListener.java:157)
	at org.springframework.context.event.SimpleApplicationEventMulticaster.invokeListener(SimpleApplicationEventMulticaster.java:167)
	at org.springframework.context.event.SimpleApplicationEventMulticaster.multicastEvent(SimpleApplicationEventMulticaster.java:139)
	at org.springframework.context.event.SimpleApplicationEventMulticaster.multicastEvent(SimpleApplicationEventMulticaster.java:122)
	at org.springframework.boot.context.event.EventPublishingRunListener.environmentPrepared(EventPublishingRunListener.java:73)
	at org.springframework.boot.SpringApplicationRunListeners.environmentPrepared(SpringApplicationRunListeners.java:54)
	at org.springframework.boot.SpringApplication.prepareEnvironment(SpringApplication.java:336)
	at org.springframework.boot.SpringApplication.run(SpringApplication.java:307)
	at com.aisino.Application.main(Application.java:26)
2017-04-27 14:59:50,028 ERROR [main] o.s.boot.SpringApplication [SpringApplication.java : 815] Application startup failed
org.yaml.snakeyaml.parser.ParserException: while parsing MappingNode
 in 'reader', line 5, column 7:
          type: com.alibaba.druid.pool.Dru ... 
          ^
Duplicate key: type
 in 'reader', line 25, column 5:
        thymeleaf:
        ^

	at org.springframework.beans.factory.config.YamlProcessor$StrictMapAppenderConstructor.constructMapping(YamlProcessor.java:411)
	at org.yaml.snakeyaml.constructor.SafeConstructor$ConstructYamlMap.construct(SafeConstructor.java:489)
	at org.yaml.snakeyaml.constructor.BaseConstructor.constructObject(BaseConstructor.java:182)
	at org.yaml.snakeyaml.constructor.BaseConstructor.constructMapping2ndStep(BaseConstructor.java:373)
	at org.yaml.snakeyaml.constructor.SafeConstructor.constructMapping2ndStep(SafeConstructor.java:147)
	at org.yaml.snakeyaml.constructor.BaseConstructor.constructMapping(BaseConstructor.java:354)
	at org.springframework.beans.factory.config.YamlProcessor$StrictMapAppenderConstructor.constructMapping(YamlProcessor.java:407)
	at org.yaml.snakeyaml.constructor.SafeConstructor$ConstructYamlMap.construct(SafeConstructor.java:489)
	at org.yaml.snakeyaml.constructor.BaseConstructor.constructObject(BaseConstructor.java:182)
	at org.yaml.snakeyaml.constructor.BaseConstructor.constructMapping2ndStep(BaseConstructor.java:373)
	at org.yaml.snakeyaml.constructor.SafeConstructor.constructMapping2ndStep(SafeConstructor.java:147)
	at org.yaml.snakeyaml.constructor.BaseConstructor.constructMapping(BaseConstructor.java:354)
	at org.springframework.beans.factory.config.YamlProcessor$StrictMapAppenderConstructor.constructMapping(YamlProcessor.java:407)
	at org.yaml.snakeyaml.constructor.SafeConstructor$ConstructYamlMap.construct(SafeConstructor.java:489)
	at org.yaml.snakeyaml.constructor.BaseConstructor.constructObject(BaseConstructor.java:182)
	at org.yaml.snakeyaml.constructor.BaseConstructor.constructDocument(BaseConstructor.java:141)
	at org.yaml.snakeyaml.constructor.BaseConstructor.getData(BaseConstructor.java:108)
	at org.yaml.snakeyaml.Yaml$1.next(Yaml.java:471)
	at org.springframework.beans.factory.config.YamlProcessor.process(YamlProcessor.java:160)
	at org.springframework.beans.factory.config.YamlProcessor.process(YamlProcessor.java:138)
	at org.springframework.boot.env.YamlPropertySourceLoader$Processor.process(YamlPropertySourceLoader.java:101)
	at org.springframework.boot.env.YamlPropertySourceLoader.load(YamlPropertySourceLoader.java:58)
	at org.springframework.boot.env.PropertySourcesLoader.load(PropertySourcesLoader.java:127)
	at org.springframework.boot.context.config.ConfigFileApplicationListener$Loader.loadIntoGroup(ConfigFileApplicationListener.java:473)
	at org.springframework.boot.context.config.ConfigFileApplicationListener$Loader.load(ConfigFileApplicationListener.java:445)
	at org.springframework.boot.context.config.ConfigFileApplicationListener$Loader.load(ConfigFileApplicationListener.java:380)
	at org.springframework.boot.context.config.ConfigFileApplicationListener.addPropertySources(ConfigFileApplicationListener.java:215)
	at org.springframework.boot.context.config.ConfigFileApplicationListener.postProcessEnvironment(ConfigFileApplicationListener.java:184)
	at org.springframework.boot.context.config.ConfigFileApplicationListener.onApplicationEnvironmentPreparedEvent(ConfigFileApplicationListener.java:171)
	at org.springframework.boot.context.config.ConfigFileApplicationListener.onApplicationEvent(ConfigFileApplicationListener.java:157)
	at org.springframework.context.event.SimpleApplicationEventMulticaster.invokeListener(SimpleApplicationEventMulticaster.java:167)
	at org.springframework.context.event.SimpleApplicationEventMulticaster.multicastEvent(SimpleApplicationEventMulticaster.java:139)
	at org.springframework.context.event.SimpleApplicationEventMulticaster.multicastEvent(SimpleApplicationEventMulticaster.java:122)
	at org.springframework.boot.context.event.EventPublishingRunListener.environmentPrepared(EventPublishingRunListener.java:73)
	at org.springframework.boot.SpringApplicationRunListeners.environmentPrepared(SpringApplicationRunListeners.java:54)
	at org.springframework.boot.SpringApplication.prepareEnvironment(SpringApplication.java:336)
	at org.springframework.boot.SpringApplication.run(SpringApplication.java:307)
	at com.aisino.Application.main(Application.java:26)
2017-04-27 15:00:01,017 ERROR [main] o.s.boot.SpringApplication [SpringApplication.java : 815] Application startup failed
org.yaml.snakeyaml.scanner.ScannerException: mapping values are not allowed here
 in 'reader', line 15, column 12:
            url: jdbc:mysql://localhost:3306/sp ... 
               ^

	at org.yaml.snakeyaml.scanner.ScannerImpl.fetchValue(ScannerImpl.java:871)
	at org.yaml.snakeyaml.scanner.ScannerImpl.fetchMoreTokens(ScannerImpl.java:360)
	at org.yaml.snakeyaml.scanner.ScannerImpl.checkToken(ScannerImpl.java:226)
	at org.yaml.snakeyaml.parser.ParserImpl$ParseBlockMappingKey.produce(ParserImpl.java:557)
	at org.yaml.snakeyaml.parser.ParserImpl.peekEvent(ParserImpl.java:157)
	at org.yaml.snakeyaml.parser.ParserImpl.checkEvent(ParserImpl.java:147)
	at org.yaml.snakeyaml.composer.Composer.composeMappingNode(Composer.java:224)
	at org.yaml.snakeyaml.composer.Composer.composeNode(Composer.java:155)
	at org.yaml.snakeyaml.composer.Composer.composeValueNode(Composer.java:246)
	at org.yaml.snakeyaml.composer.Composer.composeMappingChildren(Composer.java:237)
	at org.yaml.snakeyaml.composer.Composer.composeMappingNode(Composer.java:225)
	at org.yaml.snakeyaml.composer.Composer.composeNode(Composer.java:155)
	at org.yaml.snakeyaml.composer.Composer.composeValueNode(Composer.java:246)
	at org.yaml.snakeyaml.composer.Composer.composeMappingChildren(Composer.java:237)
	at org.yaml.snakeyaml.composer.Composer.composeMappingNode(Composer.java:225)
	at org.yaml.snakeyaml.composer.Composer.composeNode(Composer.java:155)
	at org.yaml.snakeyaml.composer.Composer.composeDocument(Composer.java:122)
	at org.yaml.snakeyaml.composer.Composer.getNode(Composer.java:84)
	at org.yaml.snakeyaml.constructor.BaseConstructor.getData(BaseConstructor.java:104)
	at org.yaml.snakeyaml.Yaml$1.next(Yaml.java:471)
	at org.springframework.beans.factory.config.YamlProcessor.process(YamlProcessor.java:160)
	at org.springframework.beans.factory.config.YamlProcessor.process(YamlProcessor.java:138)
	at org.springframework.boot.env.YamlPropertySourceLoader$Processor.process(YamlPropertySourceLoader.java:101)
	at org.springframework.boot.env.YamlPropertySourceLoader.load(YamlPropertySourceLoader.java:58)
	at org.springframework.boot.env.PropertySourcesLoader.load(PropertySourcesLoader.java:127)
	at org.springframework.boot.context.config.ConfigFileApplicationListener$Loader.loadIntoGroup(ConfigFileApplicationListener.java:473)
	at org.springframework.boot.context.config.ConfigFileApplicationListener$Loader.load(ConfigFileApplicationListener.java:445)
	at org.springframework.boot.context.config.ConfigFileApplicationListener$Loader.load(ConfigFileApplicationListener.java:380)
	at org.springframework.boot.context.config.ConfigFileApplicationListener.addPropertySources(ConfigFileApplicationListener.java:215)
	at org.springframework.boot.context.config.ConfigFileApplicationListener.postProcessEnvironment(ConfigFileApplicationListener.java:184)
	at org.springframework.boot.context.config.ConfigFileApplicationListener.onApplicationEnvironmentPreparedEvent(ConfigFileApplicationListener.java:171)
	at org.springframework.boot.context.config.ConfigFileApplicationListener.onApplicationEvent(ConfigFileApplicationListener.java:157)
	at org.springframework.context.event.SimpleApplicationEventMulticaster.invokeListener(SimpleApplicationEventMulticaster.java:167)
	at org.springframework.context.event.SimpleApplicationEventMulticaster.multicastEvent(SimpleApplicationEventMulticaster.java:139)
	at org.springframework.context.event.SimpleApplicationEventMulticaster.multicastEvent(SimpleApplicationEventMulticaster.java:122)
	at org.springframework.boot.context.event.EventPublishingRunListener.environmentPrepared(EventPublishingRunListener.java:73)
	at org.springframework.boot.SpringApplicationRunListeners.environmentPrepared(SpringApplicationRunListeners.java:54)
	at org.springframework.boot.SpringApplication.prepareEnvironment(SpringApplication.java:336)
	at org.springframework.boot.SpringApplication.run(SpringApplication.java:307)
	at com.aisino.Application.main(Application.java:26)
